\BOOKMARK [0][-]{chapter.1}{Introducción a JavaScript}{}% 1
\BOOKMARK [1][-]{section.2}{Historia\040de\040JavaScript}{chapter.1}% 2
\BOOKMARK [1][-]{section.3}{JavaScript\040en\040la\040actualidad}{chapter.1}% 3
\BOOKMARK [1][-]{section.4}{Características del lenguaje}{chapter.1}% 4
\BOOKMARK [2][-]{subsection.5}{Influencias}{section.4}% 5
\BOOKMARK [2][-]{subsection.6}{Intérpretes}{section.4}% 6
\BOOKMARK [1][-]{section.7}{Nociones básicas}{chapter.1}% 7
\BOOKMARK [2][-]{subsection.8}{Tipos\040primitivos}{section.7}% 8
\BOOKMARK [3][-]{section*.9}{Undefined}{subsection.8}% 9
\BOOKMARK [3][-]{section*.10}{Null}{subsection.8}% 10
\BOOKMARK [3][-]{section*.11}{Boolean}{subsection.8}% 11
\BOOKMARK [3][-]{section*.12}{String}{subsection.8}% 12
\BOOKMARK [3][-]{section*.13}{Number}{subsection.8}% 13
\BOOKMARK [3][-]{section*.14}{Symbol}{subsection.8}% 14
\BOOKMARK [3][-]{section*.15}{Object}{subsection.8}% 15
\BOOKMARK [2][-]{subsection.16}{Palabras\040reservadas}{section.7}% 16
\BOOKMARK [2][-]{subsection.19}{Otras\040cuestiones\040a\040tener\040en\040cuenta}{section.7}% 17
\BOOKMARK [3][-]{section*.20}{Identificadores}{subsection.19}% 18
\BOOKMARK [3][-]{section*.21}{Sensible a las mayúsculas}{subsection.19}% 19
\BOOKMARK [3][-]{section*.22}{Sin tipado estático}{subsection.19}% 20
\BOOKMARK [1][-]{section.23}{Sintaxis}{chapter.1}% 21
\BOOKMARK [2][-]{subsection.24}{Comentarios}{section.23}% 22
\BOOKMARK [2][-]{subsection.32}{Variables}{section.23}% 23
\BOOKMARK [2][-]{subsection.39}{Estructuras\040condicionales}{section.23}% 24
\BOOKMARK [3][-]{section*.40}{Condicionales\040if\040e\040if-else}{subsection.39}% 25
\BOOKMARK [3][-]{section*.51}{Operador\040ternario\040?:}{subsection.39}% 26
\BOOKMARK [2][-]{subsection.54}{Funciones}{section.23}% 27
\BOOKMARK [3][-]{section*.55}{Funciones como expresión}{subsection.54}% 28
\BOOKMARK [3][-]{section*.60}{Funciones como declaración}{subsection.54}% 29
\BOOKMARK [3][-]{section*.65}{Funciones anónimas y arrow functions}{subsection.54}% 30
\BOOKMARK [1][-]{section.70}{Otros\040conceptos}{chapter.1}% 31
\BOOKMARK [2][-]{subsection.71}{Hoisting}{section.70}% 32
\BOOKMARK [2][-]{subsection.103}{Closures}{section.70}% 33
\BOOKMARK [2][-]{subsection.113}{IIFE}{section.70}% 34
\BOOKMARK [2][-]{subsection.114}{Prototype}{section.70}% 35
\BOOKMARK [0][-]{chapter.136}{Sistema\040de\040Tipos}{}% 36
\BOOKMARK [1][-]{section.137}{Tipos\040primitivos}{chapter.136}% 37
\BOOKMARK [2][-]{subsection.150}{Casos\040especiales\040del\040typeof}{section.137}% 38
\BOOKMARK [1][-]{section.157}{Lo\040bueno,\040lo\040malo,\040lo\040feo...}{chapter.136}% 39
\BOOKMARK [0][-]{chapter.158}{Paradigma\040funcional}{}% 40
\BOOKMARK [1][-]{section.159}{Recursividad}{chapter.158}% 41
\BOOKMARK [1][-]{section.174}{Funciones\040puras}{chapter.158}% 42
\BOOKMARK [1][-]{section.175}{Funciones\040de\040primera\040clase\040y\040orden\040superior}{chapter.158}% 43
\BOOKMARK [2][-]{subsection.176}{Funciones\040de\040primera\040clase}{section.175}% 44
\BOOKMARK [2][-]{subsection.200}{Funciones\040de\040orden\040superior}{section.175}% 45
\BOOKMARK [1][-]{section.243}{Evaluación ansiosa y perezosa}{chapter.158}% 46
\BOOKMARK [1][-]{section.260}{Semántica de valores}{chapter.158}% 47
\BOOKMARK [1][-]{section.279}{Lo\040bueno,\040lo\040malo,\040lo\040feo...}{chapter.158}% 48
\BOOKMARK [0][-]{chapter.280}{Paradigma\040orientado\040a\040objetos}{}% 49
\BOOKMARK [1][-]{section.281}{Clases}{chapter.280}% 50
\BOOKMARK [2][-]{subsection.282}{Factory\040class\040pattern}{section.281}% 51
\BOOKMARK [2][-]{subsection.299}{Functional\040class\040pattern}{section.281}% 52
\BOOKMARK [2][-]{subsection.313}{Prototype\040class\040pattern}{section.281}% 53
\BOOKMARK [2][-]{subsection.328}{class\040en\040ES6}{section.281}% 54
\BOOKMARK [1][-]{section.344}{Herencia}{chapter.280}% 55
\BOOKMARK [2][-]{subsection.345}{Herencia\040simple\040mediante\040prototype}{section.344}% 56
\BOOKMARK [2][-]{subsection.376}{extends\040en\040ES6}{section.344}% 57
\BOOKMARK [2][-]{subsection.405}{Herencia múltiple}{section.344}% 58
\BOOKMARK [1][-]{section.432}{Encapsulamiento}{chapter.280}% 59
\BOOKMARK [1][-]{section.465}{Polimorfismo}{chapter.280}% 60
\BOOKMARK [1][-]{section.502}{Modularidad}{chapter.280}% 61
\BOOKMARK [2][-]{subsection.503}{Módulos mediante patrones}{section.502}% 62
\BOOKMARK [2][-]{subsection.536}{Sistemas de módulos}{section.502}% 63
\BOOKMARK [3][-]{section*.537}{AMD}{subsection.536}% 64
\BOOKMARK [3][-]{section*.578}{CommonJS}{subsection.536}% 65
\BOOKMARK [2][-]{subsection.616}{Módulos en ES6}{section.502}% 66
\BOOKMARK [1][-]{section.662}{Conclusiones}{chapter.280}% 67
